2012-11-06 19:15:42 [SYNC]====================
dtoResultObject Object
(
    [ErrorMessage] => 
    [Status] => true
    [Token] => 
    [TransactionStatus] => ApprovalPending
    [TransactionIdentifier] => 0d20ae49-dba1-43f9-b646-e73430dcd6b6
    [Xml] => <s:Envelope xmlns:s="http://schemas.xmlsoap.org/soap/envelope/"><s:Body><ProcessTransactionResponse xmlns="http://tempuri.org/"><ProcessTransactionResult xmlns:a="http://schemas.datacontract.org/2004/07/VirtualPiggy.Web.Services.Model" xmlns:i="http://www.w3.org/2001/XMLSchema-instance"><a:DataXml>&lt;cart currency="USD" total="1.00"&gt;&lt;cart-shipment total="1.00" shipment-reference="b313b057-034b-471a-aa28-99cd9e5a7c86"&gt;&lt;shipment-tax total="0.00" /&gt;&lt;shipment-cost total="0.00" /&gt;&lt;shipment-discount total="0.00" /&gt;&lt;shipment-address&gt;&lt;address&gt;&lt;![CDATA[1221 Hermosa Ave]]&gt;&lt;/address&gt;&lt;zip&gt;&lt;![CDATA[90254]]&gt;&lt;/zip&gt;&lt;city&gt;&lt;![CDATA[Hermosa Beach]]&gt;&lt;/city&gt;&lt;state&gt;&lt;![CDATA[CA]]&gt;&lt;/state&gt;&lt;country&gt;&lt;![CDATA[US]]&gt;&lt;/country&gt;&lt;phone&gt;&lt;![CDATA[0000000000]]&gt;&lt;/phone&gt;&lt;name&gt;&lt;![CDATA[John Doe]]&gt;&lt;/name&gt;&lt;attention-of&gt;&lt;![CDATA[]]&gt;&lt;/attention-of&gt;&lt;/shipment-address&gt;&lt;items&gt;&lt;item total="1"&gt;&lt;item-name&gt;&lt;![CDATA[This is a product]]&gt;&lt;/item-name&gt;&lt;item-description&gt;&lt;![CDATA[This is a product]]&gt;&lt;/item-description&gt;&lt;item-price&gt;&lt;![CDATA[1]]&gt;&lt;/item-price&gt;&lt;item-quantity&gt;&lt;![CDATA[1]]&gt;&lt;/item-quantity&gt;&lt;/item&gt;&lt;/items&gt;&lt;/cart-shipment&gt;&lt;/cart&gt;</a:DataXml><a:ErrorMessage/><a:Status>true</a:Status><a:TransactionIdentifier>0d20ae49-dba1-43f9-b646-e73430dcd6b6</a:TransactionIdentifier><a:TransactionStatus>ApprovalPending</a:TransactionStatus></ProcessTransactionResult></ProcessTransactionResponse></s:Body></s:Envelope>
)

2012-11-06 19:18:49 [SYNC]====================
dtoResultObject Object
(
    [ErrorMessage] => 
    [Status] => true
    [Token] => 
    [TransactionStatus] => ApprovalPending
    [TransactionIdentifier] => 1b8f15be-ed22-4044-9a6a-44e447b0eea2
    [Xml] => <s:Envelope xmlns:s="http://schemas.xmlsoap.org/soap/envelope/"><s:Body><ProcessTransactionResponse xmlns="http://tempuri.org/"><ProcessTransactionResult xmlns:a="http://schemas.datacontract.org/2004/07/VirtualPiggy.Web.Services.Model" xmlns:i="http://www.w3.org/2001/XMLSchema-instance"><a:DataXml>&lt;cart currency="USD" total="1.00"&gt;&lt;cart-shipment total="1.00" shipment-reference="4eefcb56-2b32-4f4e-9d7d-175ba12c1c1e"&gt;&lt;shipment-tax total="0.00" /&gt;&lt;shipment-cost total="0.00" /&gt;&lt;shipment-discount total="0.00" /&gt;&lt;shipment-address&gt;&lt;address&gt;&lt;![CDATA[1221 Hermosa Ave]]&gt;&lt;/address&gt;&lt;zip&gt;&lt;![CDATA[90254]]&gt;&lt;/zip&gt;&lt;city&gt;&lt;![CDATA[Hermosa Beach]]&gt;&lt;/city&gt;&lt;state&gt;&lt;![CDATA[CA]]&gt;&lt;/state&gt;&lt;country&gt;&lt;![CDATA[US]]&gt;&lt;/country&gt;&lt;phone&gt;&lt;![CDATA[0000000000]]&gt;&lt;/phone&gt;&lt;name&gt;&lt;![CDATA[John Doe]]&gt;&lt;/name&gt;&lt;attention-of&gt;&lt;![CDATA[]]&gt;&lt;/attention-of&gt;&lt;/shipment-address&gt;&lt;items&gt;&lt;item total="1"&gt;&lt;item-name&gt;&lt;![CDATA[This is a product]]&gt;&lt;/item-name&gt;&lt;item-description&gt;&lt;![CDATA[This is a product]]&gt;&lt;/item-description&gt;&lt;item-price&gt;&lt;![CDATA[1]]&gt;&lt;/item-price&gt;&lt;item-quantity&gt;&lt;![CDATA[1]]&gt;&lt;/item-quantity&gt;&lt;/item&gt;&lt;/items&gt;&lt;/cart-shipment&gt;&lt;/cart&gt;</a:DataXml><a:ErrorMessage/><a:Status>true</a:Status><a:TransactionIdentifier>1b8f15be-ed22-4044-9a6a-44e447b0eea2</a:TransactionIdentifier><a:TransactionStatus>ApprovalPending</a:TransactionStatus></ProcessTransactionResult></ProcessTransactionResponse></s:Body></s:Envelope>
)

2012-11-06 19:21:36 [SYNC]====================
dtoResultObject Object
(
    [ErrorMessage] => 
    [Status] => true
    [Token] => 
    [TransactionStatus] => Processed
    [TransactionIdentifier] => a7b5af85-fff4-474e-b85a-2cf06a2b0d7d
    [Xml] => <s:Envelope xmlns:s="http://schemas.xmlsoap.org/soap/envelope/"><s:Body><ProcessParentTransactionResponse xmlns="http://tempuri.org/"><ProcessParentTransactionResult xmlns:a="http://schemas.datacontract.org/2004/07/VirtualPiggy.Web.Services.Model" xmlns:i="http://www.w3.org/2001/XMLSchema-instance"><a:DataXml>&lt;cart currency="USD" total="1.00"&gt;&lt;cart-shipment total="1.00" shipment-reference="572e7840-8a2a-415f-a71f-7c17aae55d1e"&gt;&lt;shipment-tax total="0.00" /&gt;&lt;shipment-cost total="0.00" /&gt;&lt;shipment-discount total="0.00" /&gt;&lt;shipment-address&gt;&lt;address&gt;&lt;![CDATA[1221 Hermosa Ave]]&gt;&lt;/address&gt;&lt;zip&gt;&lt;![CDATA[90254]]&gt;&lt;/zip&gt;&lt;city&gt;&lt;![CDATA[Hermosa Beach]]&gt;&lt;/city&gt;&lt;state&gt;&lt;![CDATA[CA]]&gt;&lt;/state&gt;&lt;country&gt;&lt;![CDATA[US]]&gt;&lt;/country&gt;&lt;phone&gt;&lt;![CDATA[0000000000]]&gt;&lt;/phone&gt;&lt;name&gt;&lt;![CDATA[John Doe]]&gt;&lt;/name&gt;&lt;attention-of&gt;&lt;![CDATA[Marsha]]&gt;&lt;/attention-of&gt;&lt;/shipment-address&gt;&lt;items&gt;&lt;item total="1"&gt;&lt;item-name&gt;&lt;![CDATA[This is a product]]&gt;&lt;/item-name&gt;&lt;item-description&gt;&lt;![CDATA[This is a product]]&gt;&lt;/item-description&gt;&lt;item-price&gt;&lt;![CDATA[1]]&gt;&lt;/item-price&gt;&lt;item-quantity&gt;&lt;![CDATA[1]]&gt;&lt;/item-quantity&gt;&lt;/item&gt;&lt;/items&gt;&lt;/cart-shipment&gt;&lt;/cart&gt;</a:DataXml><a:ErrorMessage/><a:Status>true</a:Status><a:TransactionIdentifier>a7b5af85-fff4-474e-b85a-2cf06a2b0d7d</a:TransactionIdentifier><a:TransactionStatus>Processed</a:TransactionStatus></ProcessParentTransactionResult></ProcessParentTransactionResponse></s:Body></s:Envelope>
)

2012-11-06 19:29:09 [SYNC]====================
dtoResultObject Object
(
    [ErrorMessage] => 
    [Status] => true
    [Token] => 
    [TransactionStatus] => Processed
    [TransactionIdentifier] => 0b467378-abb4-4bc1-ba49-428e78b6e5de
    [Xml] => <s:Envelope xmlns:s="http://schemas.xmlsoap.org/soap/envelope/"><s:Body><ProcessParentTransactionResponse xmlns="http://tempuri.org/"><ProcessParentTransactionResult xmlns:a="http://schemas.datacontract.org/2004/07/VirtualPiggy.Web.Services.Model" xmlns:i="http://www.w3.org/2001/XMLSchema-instance"><a:DataXml>&lt;cart currency="USD" total="50.00"&gt;&lt;cart-shipment total="50.00" shipment-reference="b920487b-fbe9-4713-9e58-cc5554f11e6f"&gt;&lt;shipment-tax total="0.00" /&gt;&lt;shipment-cost total="0.00" /&gt;&lt;shipment-discount total="0.00" /&gt;&lt;shipment-address&gt;&lt;address&gt;&lt;![CDATA[1221 Hermosa Ave]]&gt;&lt;/address&gt;&lt;zip&gt;&lt;![CDATA[90254]]&gt;&lt;/zip&gt;&lt;city&gt;&lt;![CDATA[Hermosa Beach]]&gt;&lt;/city&gt;&lt;state&gt;&lt;![CDATA[CA]]&gt;&lt;/state&gt;&lt;country&gt;&lt;![CDATA[US]]&gt;&lt;/country&gt;&lt;phone&gt;&lt;![CDATA[0000000000]]&gt;&lt;/phone&gt;&lt;name&gt;&lt;![CDATA[John Doe]]&gt;&lt;/name&gt;&lt;attention-of&gt;&lt;![CDATA[Tom]]&gt;&lt;/attention-of&gt;&lt;/shipment-address&gt;&lt;items&gt;&lt;item total="50"&gt;&lt;item-name&gt;&lt;![CDATA[This is a product]]&gt;&lt;/item-name&gt;&lt;item-description&gt;&lt;![CDATA[This is a product]]&gt;&lt;/item-description&gt;&lt;item-price&gt;&lt;![CDATA[50]]&gt;&lt;/item-price&gt;&lt;item-quantity&gt;&lt;![CDATA[50]]&gt;&lt;/item-quantity&gt;&lt;/item&gt;&lt;/items&gt;&lt;/cart-shipment&gt;&lt;/cart&gt;</a:DataXml><a:ErrorMessage/><a:Status>true</a:Status><a:TransactionIdentifier>0b467378-abb4-4bc1-ba49-428e78b6e5de</a:TransactionIdentifier><a:TransactionStatus>Processed</a:TransactionStatus></ProcessParentTransactionResult></ProcessParentTransactionResponse></s:Body></s:Envelope>
)

2012-11-06 19:31:39 [SYNC]====================
dtoResultObject Object
(
    [ErrorMessage] => 
    [Status] => true
    [Token] => 
    [TransactionStatus] => ApprovalPending
    [TransactionIdentifier] => 9ed27082-3e41-49f3-bf60-a855c4069e1c
    [Xml] => <s:Envelope xmlns:s="http://schemas.xmlsoap.org/soap/envelope/"><s:Body><ProcessTransactionResponse xmlns="http://tempuri.org/"><ProcessTransactionResult xmlns:a="http://schemas.datacontract.org/2004/07/VirtualPiggy.Web.Services.Model" xmlns:i="http://www.w3.org/2001/XMLSchema-instance"><a:DataXml>&lt;cart currency="USD" total="10.00"&gt;&lt;cart-shipment total="10.00" shipment-reference="4db12599-70db-4be2-9ce0-526401f69c59"&gt;&lt;shipment-tax total="0.00" /&gt;&lt;shipment-cost total="0.00" /&gt;&lt;shipment-discount total="0.00" /&gt;&lt;shipment-address&gt;&lt;address&gt;&lt;![CDATA[1221 Hermosa Ave]]&gt;&lt;/address&gt;&lt;zip&gt;&lt;![CDATA[90254]]&gt;&lt;/zip&gt;&lt;city&gt;&lt;![CDATA[Hermosa Beach]]&gt;&lt;/city&gt;&lt;state&gt;&lt;![CDATA[CA]]&gt;&lt;/state&gt;&lt;country&gt;&lt;![CDATA[US]]&gt;&lt;/country&gt;&lt;phone&gt;&lt;![CDATA[0000000000]]&gt;&lt;/phone&gt;&lt;name&gt;&lt;![CDATA[John Doe]]&gt;&lt;/name&gt;&lt;attention-of&gt;&lt;![CDATA[]]&gt;&lt;/attention-of&gt;&lt;/shipment-address&gt;&lt;items&gt;&lt;item total="10"&gt;&lt;item-name&gt;&lt;![CDATA[This is a product]]&gt;&lt;/item-name&gt;&lt;item-description&gt;&lt;![CDATA[This is a product]]&gt;&lt;/item-description&gt;&lt;item-price&gt;&lt;![CDATA[10]]&gt;&lt;/item-price&gt;&lt;item-quantity&gt;&lt;![CDATA[10]]&gt;&lt;/item-quantity&gt;&lt;/item&gt;&lt;/items&gt;&lt;/cart-shipment&gt;&lt;/cart&gt;</a:DataXml><a:ErrorMessage/><a:Status>true</a:Status><a:TransactionIdentifier>9ed27082-3e41-49f3-bf60-a855c4069e1c</a:TransactionIdentifier><a:TransactionStatus>ApprovalPending</a:TransactionStatus></ProcessTransactionResult></ProcessTransactionResponse></s:Body></s:Envelope>
)

